\BOOKMARK [1][-]{section.1}{pipeline of high throughput research}{}% 1
\BOOKMARK [2][-]{subsection.1.1}{2D materials}{section.1}% 2
\BOOKMARK [3][-]{subsubsection.1.1.1}{Define the object}{subsection.1.1}% 3
\BOOKMARK [3][-]{subsubsection.1.1.2}{Find resources}{subsection.1.1}% 4
\BOOKMARK [2][-]{subsection.1.2}{Theoretical methods}{section.1}% 5
\BOOKMARK [3][-]{subsubsection.1.2.1}{DFT}{subsection.1.2}% 6
\BOOKMARK [2][-]{subsection.1.3}{screening pipeline}{section.1}% 7
\BOOKMARK [1][-]{section.2}{Computational screening of electrolyte materials}{}% 8
\BOOKMARK [1][-]{section.3}{Appendix}{}% 9
\BOOKMARK [2][-]{subsection.3.1}{Dirac cone}{section.3}% 10
\BOOKMARK [2][-]{subsection.3.2}{conductivity}{section.3}% 11
\BOOKMARK [2][-]{subsection.3.3}{hexagonal boron nitride h-BN}{section.3}% 12
\BOOKMARK [2][-]{subsection.3.4}{Transition metal dichalcogenide}{section.3}% 13
\BOOKMARK [2][-]{subsection.3.5}{MXenes}{section.3}% 14
\BOOKMARK [2][-]{subsection.3.6}{phosphorene}{section.3}% 15
\BOOKMARK [2][-]{subsection.3.7}{field-effect transistor}{section.3}% 16
\BOOKMARK [2][-]{subsection.3.8}{photothermal conversion}{section.3}% 17
\BOOKMARK [2][-]{subsection.3.9}{energy storage devices}{section.3}% 18
\BOOKMARK [2][-]{subsection.3.10}{surfactant addition}{section.3}% 19
\BOOKMARK [2][-]{subsection.3.11}{reaggregation}{section.3}% 20
